

Started GET "/" for ::1 at 2016-08-01 23:28:41 -0400
Processing by Rails::WelcomeController#index as HTML
  Rendered /home/naman/.gem/ruby/2.3.1/gems/railties-4.2.6/lib/rails/templates/rails/welcome/index.html.erb (1.1ms)
Completed 200 OK in 22ms (Views: 8.7ms | ActiveRecord: 0.0ms)


Started GET "/" for ::1 at 2016-08-01 23:28:42 -0400
Processing by Rails::WelcomeController#index as HTML
  Rendered /home/naman/.gem/ruby/2.3.1/gems/railties-4.2.6/lib/rails/templates/rails/welcome/index.html.erb (0.1ms)
Completed 200 OK in 3ms (Views: 2.2ms | ActiveRecord: 0.0ms)
  [1m[36m (56.6ms)[0m  [1mCREATE TABLE "schema_migrations" ("version" varchar NOT NULL) [0m
  [1m[35m (0.3ms)[0m  select sqlite_version(*)
  [1m[36m (13.3ms)[0m  [1mCREATE UNIQUE INDEX "unique_schema_migrations" ON "schema_migrations" ("version")[0m
  [1m[35mActiveRecord::SchemaMigration Load (0.2ms)[0m  SELECT "schema_migrations".* FROM "schema_migrations"
Migrating to CreateProjects (20160804123135)
  [1m[36m (0.3ms)[0m  [1mbegin transaction[0m
  [1m[35m (1.2ms)[0m  CREATE TABLE "projects" ("id" INTEGER PRIMARY KEY AUTOINCREMENT NOT NULL, "name" varchar, "description" varchar, "created_at" datetime NOT NULL, "updated_at" datetime NOT NULL) 
  [1m[36mSQL (0.6ms)[0m  [1mINSERT INTO "schema_migrations" ("version") VALUES (?)[0m  [["version", "20160804123135"]]
  [1m[35m (43.0ms)[0m  commit transaction
  [1m[36mActiveRecord::SchemaMigration Load (0.3ms)[0m  [1mSELECT "schema_migrations".* FROM "schema_migrations"[0m


Started GET "/" for ::1 at 2016-08-07 15:14:31 -0400
  [1m[36mActiveRecord::SchemaMigration Load (0.1ms)[0m  [1mSELECT "schema_migrations".* FROM "schema_migrations"[0m
Processing by ProjectsController#index as HTML
  Rendered projects/index.html.erb within layouts/application (1.8ms)
Completed 200 OK in 782ms (Views: 774.0ms | ActiveRecord: 0.0ms)


Started GET "/assets/projects.self-e3b0c44298fc1c149afbf4c8996fb92427ae41e4649b934ca495991b7852b855.css?body=1" for ::1 at 2016-08-07 15:14:32 -0400


Started GET "/assets/turbolinks.self-c5acd7a204f5f25ce7a1d8a0e4d92e28d34c9e2df2c7371cd7af88e147e4ad82.js?body=1" for ::1 at 2016-08-07 15:14:32 -0400


Started GET "/assets/projects.self-877aef30ae1b040ab8a3aba4e3e309a11d7f2612f44dde450b5c157aa5f95c05.js?body=1" for ::1 at 2016-08-07 15:14:32 -0400


Started GET "/assets/application.self-e80e8f2318043e8af94dddc2adad5a4f09739a8ebb323b3ab31cd71d45fd9113.css?body=1" for ::1 at 2016-08-07 15:14:32 -0400


Started GET "/assets/jquery.self-660adc51e0224b731d29f575a6f1ec167ba08ad06ed5deca4f1e8654c135bf4c.js?body=1" for ::1 at 2016-08-07 15:14:32 -0400


Started GET "/assets/jquery_ujs.self-e87806d0cf4489aeb1bb7288016024e8de67fd18db693fe026fe3907581e53cd.js?body=1" for ::1 at 2016-08-07 15:14:32 -0400


Started GET "/assets/application.self-3b8dabdc891efe46b9a144b400ad69e37d7e5876bdc39dee783419a69d7ca819.js?body=1" for ::1 at 2016-08-07 15:14:32 -0400


Started GET "/projects/new" for ::1 at 2016-08-07 15:14:34 -0400
Processing by ProjectsController#new as HTML
  Rendered projects/new.html.erb within layouts/application (89.5ms)
Completed 200 OK in 239ms (Views: 139.6ms | ActiveRecord: 0.3ms)


Started POST "/projects" for ::1 at 2016-08-07 15:14:55 -0400
Processing by ProjectsController#create as HTML
  Parameters: {"utf8"=>"✓", "authenticity_token"=>"3VT/FwksMrf+Lw6DXNhLJwz40Nqo5kNWhEQ+6qjyylpcesR0Cpog5WCcz0gLGG48XvDf59grDyjq4I/Xu/4spQ==", "project"=>{"name"=>"Sublime Text 3", "description"=>"A text editor for everyone"}, "commit"=>"Create Project"}
Completed 500 Internal Server Error in 161ms (ActiveRecord: 0.0ms)

NameError (undefined local variable or method `project_params' for #<ProjectsController:0x007f1b85ed7518>
Did you mean?  project_path):
  app/controllers/projects_controller.rb:6:in `create'


  Rendered /home/naman/.gem/ruby/2.3.1/gems/actionpack-4.2.6/lib/action_dispatch/middleware/templates/rescues/_source.erb (3.6ms)
  Rendered /home/naman/.gem/ruby/2.3.1/gems/actionpack-4.2.6/lib/action_dispatch/middleware/templates/rescues/_trace.html.erb (29.9ms)
  Rendered /home/naman/.gem/ruby/2.3.1/gems/actionpack-4.2.6/lib/action_dispatch/middleware/templates/rescues/_request_and_response.html.erb (0.9ms)
  Rendered /home/naman/.gem/ruby/2.3.1/gems/actionpack-4.2.6/lib/action_dispatch/middleware/templates/rescues/diagnostics.html.erb within rescues/layout (54.5ms)
  Rendered /home/naman/.gem/ruby/2.3.1/gems/web-console-2.3.0/lib/web_console/templates/_markup.html.erb (0.5ms)
  Rendered /home/naman/.gem/ruby/2.3.1/gems/web-console-2.3.0/lib/web_console/templates/_inner_console_markup.html.erb within layouts/inlined_string (0.5ms)
  Rendered /home/naman/.gem/ruby/2.3.1/gems/web-console-2.3.0/lib/web_console/templates/_prompt_box_markup.html.erb within layouts/inlined_string (0.4ms)
  Rendered /home/naman/.gem/ruby/2.3.1/gems/web-console-2.3.0/lib/web_console/templates/style.css.erb within layouts/inlined_string (5.0ms)
  Rendered /home/naman/.gem/ruby/2.3.1/gems/web-console-2.3.0/lib/web_console/templates/console.js.erb within layouts/javascript (68.4ms)
  Rendered /home/naman/.gem/ruby/2.3.1/gems/web-console-2.3.0/lib/web_console/templates/main.js.erb within layouts/javascript (0.3ms)
  Rendered /home/naman/.gem/ruby/2.3.1/gems/web-console-2.3.0/lib/web_console/templates/error_page.js.erb within layouts/javascript (0.8ms)
  Rendered /home/naman/.gem/ruby/2.3.1/gems/web-console-2.3.0/lib/web_console/templates/index.html.erb (147.1ms)
  [1m[36m (0.1ms)[0m  [1mbegin transaction[0m
  [1m[35m (0.1ms)[0m  rollback transaction
  [1m[36m (0.1ms)[0m  [1mbegin transaction[0m
  [1m[35m (0.1ms)[0m  rollback transaction
  [1m[36m (0.1ms)[0m  [1mbegin transaction[0m
  [1m[35m (0.1ms)[0m  rollback transaction


Started GET "/" for ::1 at 2016-08-09 09:02:56 -0400
  [1m[36mActiveRecord::SchemaMigration Load (0.1ms)[0m  [1mSELECT "schema_migrations".* FROM "schema_migrations"[0m
Processing by ProjectsController#index as HTML
  Rendered projects/index.html.erb within layouts/application (17.4ms)
Completed 200 OK in 918ms (Views: 861.4ms | ActiveRecord: 0.0ms)


Started GET "/projects/new" for ::1 at 2016-08-09 09:03:00 -0400
Processing by ProjectsController#new as HTML
  Rendered projects/new.html.erb within layouts/application (94.0ms)
Completed 200 OK in 195ms (Views: 187.5ms | ActiveRecord: 0.3ms)


Started POST "/projects" for ::1 at 2016-08-09 09:03:15 -0400
Processing by ProjectsController#create as HTML
  Parameters: {"utf8"=>"✓", "authenticity_token"=>"qnGK9vD6ERGyam2x9pRlJbLW4cD1z1oNj1vu0rCt8DcrX7GV80wDQyzZrHqhVEA+4N7u/YUCFnPh/1/vo6EWyA==", "project"=>{"name"=>"Sublime Text 3", "description"=>"A text editor for everyone"}, "commit"=>"Create Project"}
  [1m[35m (0.1ms)[0m  begin transaction
  [1m[36mSQL (6.8ms)[0m  [1mINSERT INTO "projects" ("name", "description", "created_at", "updated_at") VALUES (?, ?, ?, ?)[0m  [["name", "Sublime Text 3"], ["description", "A text editor for everyone"], ["created_at", "2016-08-09 13:03:15.030546"], ["updated_at", "2016-08-09 13:03:15.030546"]]
  [1m[35m (20.2ms)[0m  commit transaction
Redirected to http://localhost:3000/projects/1
Completed 302 Found in 102ms (ActiveRecord: 27.2ms)


Started GET "/projects/1" for ::1 at 2016-08-09 09:03:15 -0400
Processing by ProjectsController#show as HTML
  Parameters: {"id"=>"1"}
  [1m[36mProject Load (0.2ms)[0m  [1mSELECT  "projects".* FROM "projects" WHERE "projects"."id" = ? LIMIT 1[0m  [["id", 1]]
  Rendered projects/show.html.erb within layouts/application (3.0ms)
Completed 200 OK in 190ms (Views: 145.4ms | ActiveRecord: 0.2ms)


Started POST "/projects" for ::1 at 2016-08-09 09:03:32 -0400
Processing by ProjectsController#create as HTML
  Parameters: {"utf8"=>"✓", "authenticity_token"=>"qnGK9vD6ERGyam2x9pRlJbLW4cD1z1oNj1vu0rCt8DcrX7GV80wDQyzZrHqhVEA+4N7u/YUCFnPh/1/vo6EWyA==", "project"=>{"name"=>"", "description"=>""}, "commit"=>"Create Project"}
  [1m[35m (1.4ms)[0m  begin transaction
  [1m[36m (0.0ms)[0m  [1mrollback transaction[0m
  Rendered projects/new.html.erb within layouts/application (24.6ms)
Completed 200 OK in 143ms (Views: 133.1ms | ActiveRecord: 1.5ms)


Started POST "/projects" for ::1 at 2016-08-09 09:03:42 -0400
Processing by ProjectsController#create as HTML
  Parameters: {"utf8"=>"✓", "authenticity_token"=>"ElompG3VaV1sT5WBWCrHGmVWh+Sl0S3zQcRh8zyy+/aTdB3HbmN7D/L8VEoP6uIBN16I2dUcYY0vYNDOL74dCQ==", "project"=>{"name"=>"", "description"=>"asdf"}, "commit"=>"Create Project"}
  [1m[35m (0.1ms)[0m  begin transaction
  [1m[36m (0.1ms)[0m  [1mrollback transaction[0m
  Rendered projects/new.html.erb within layouts/application (42.8ms)
Completed 200 OK in 150ms (Views: 143.1ms | ActiveRecord: 0.2ms)


Started GET "/" for ::1 at 2016-08-10 01:00:07 -0400
  [1m[36mActiveRecord::SchemaMigration Load (0.1ms)[0m  [1mSELECT "schema_migrations".* FROM "schema_migrations"[0m
Processing by ProjectsController#index as HTML
  [1m[35mProject Load (0.2ms)[0m  SELECT "projects".* FROM "projects"
  Rendered projects/index.html.erb within layouts/application (39.1ms)
Completed 200 OK in 1033ms (Views: 912.7ms | ActiveRecord: 14.2ms)


Started GET "/projects/new" for ::1 at 2016-08-10 01:00:15 -0400
Processing by ProjectsController#new as HTML
  Rendered projects/new.html.erb within layouts/application (124.2ms)
Completed 200 OK in 223ms (Views: 222.6ms | ActiveRecord: 0.0ms)


Started POST "/projects" for ::1 at 2016-08-10 01:00:22 -0400
Processing by ProjectsController#create as HTML
  Parameters: {"utf8"=>"✓", "authenticity_token"=>"hufoJmBISBpLzeQoTU/PiqjU0fERl1tBTERTUKdFALYHydNFY/5aSNV+JeMaj+qR+tzezGFaFz8i4OJttEnmSQ==", "project"=>{"name"=>"Test", "description"=>"test"}, "commit"=>"Create Project"}
  [1m[36m (0.1ms)[0m  [1mbegin transaction[0m
  [1m[35mSQL (11.3ms)[0m  INSERT INTO "projects" ("name", "description", "created_at", "updated_at") VALUES (?, ?, ?, ?)  [["name", "Test"], ["description", "test"], ["created_at", "2016-08-10 05:00:22.819800"], ["updated_at", "2016-08-10 05:00:22.819800"]]
  [1m[36m (95.1ms)[0m  [1mcommit transaction[0m
Redirected to http://localhost:3000/projects/2
Completed 302 Found in 124ms (ActiveRecord: 106.4ms)


Started GET "/projects/2" for ::1 at 2016-08-10 01:00:22 -0400
Processing by ProjectsController#show as HTML
  Parameters: {"id"=>"2"}
  [1m[35mProject Load (0.2ms)[0m  SELECT  "projects".* FROM "projects" WHERE "projects"."id" = ? LIMIT 1  [["id", 2]]
  Rendered projects/show.html.erb within layouts/application (0.8ms)
Completed 200 OK in 252ms (Views: 233.9ms | ActiveRecord: 0.2ms)


Started GET "/" for ::1 at 2016-08-10 01:00:29 -0400
Processing by ProjectsController#index as HTML
  [1m[36mProject Load (0.1ms)[0m  [1mSELECT "projects".* FROM "projects"[0m
  Rendered projects/index.html.erb within layouts/application (3.6ms)
Completed 200 OK in 178ms (Views: 171.2ms | ActiveRecord: 0.1ms)


Started GET "/projects/2" for ::1 at 2016-08-10 01:00:32 -0400
Processing by ProjectsController#show as HTML
  Parameters: {"id"=>"2"}
  [1m[35mProject Load (0.1ms)[0m  SELECT  "projects".* FROM "projects" WHERE "projects"."id" = ? LIMIT 1  [["id", 2]]
  Rendered projects/show.html.erb within layouts/application (0.1ms)
Completed 200 OK in 93ms (Views: 90.7ms | ActiveRecord: 0.1ms)
